mode: set
github.com/DJDNS/djdns/server/server.go:22.43,28.2 1 1
github.com/DJDNS/djdns/server/server.go:30.69,32.16 2 1
github.com/DJDNS/djdns/server/server.go:35.2,36.19 2 1
github.com/DJDNS/djdns/server/server.go:32.16,34.3 1 0
github.com/DJDNS/djdns/server/server.go:36.19,38.3 1 1
github.com/DJDNS/djdns/server/server.go:38.4,40.3 1 1
github.com/DJDNS/djdns/server/server.go:44.65,48.29 4 1
github.com/DJDNS/djdns/server/server.go:67.2,67.22 1 1
github.com/DJDNS/djdns/server/server.go:48.29,52.17 3 1
github.com/DJDNS/djdns/server/server.go:55.3,56.34 2 1
github.com/DJDNS/djdns/server/server.go:63.3,64.37 2 1
github.com/DJDNS/djdns/server/server.go:52.17,54.4 1 0
github.com/DJDNS/djdns/server/server.go:56.34,58.18 2 1
github.com/DJDNS/djdns/server/server.go:61.4,61.31 1 1
github.com/DJDNS/djdns/server/server.go:58.18,60.5 1 1
github.com/DJDNS/djdns/server/server.go:70.68,72.16 2 1
github.com/DJDNS/djdns/server/server.go:80.2,80.27 1 1
github.com/DJDNS/djdns/server/server.go:72.16,73.23 1 1
github.com/DJDNS/djdns/server/server.go:76.3,77.47 2 1
github.com/DJDNS/djdns/server/server.go:73.23,75.4 1 0
github.com/DJDNS/djdns/server/server.go:83.47,89.2 5 1
github.com/DJDNS/djdns/server/server.go:91.32,92.2 0 1
github.com/DJDNS/djdns/server/spg.go:13.45,17.2 1 1
github.com/DJDNS/djdns/server/spg.go:19.78,21.16 2 1
github.com/DJDNS/djdns/server/spg.go:24.2,26.8 3 1
github.com/DJDNS/djdns/server/spg.go:21.16,23.3 1 1
github.com/DJDNS/djdns/server/spg.go:26.8,28.3 1 1
github.com/DJDNS/djdns/server/spg.go:28.4,33.3 1 1
github.com/DJDNS/djdns/server/apg.go:8.59,13.2 1 1
github.com/DJDNS/djdns/server/apg.go:15.74,17.8 2 1
github.com/DJDNS/djdns/server/apg.go:20.2,20.35 1 1
github.com/DJDNS/djdns/server/apg.go:17.8,19.3 1 1
github.com/DJDNS/djdns/server/dpg.go:19.51,26.54 2 1
github.com/DJDNS/djdns/server/dpg.go:32.2,32.12 1 1
github.com/DJDNS/djdns/server/dpg.go:26.54,27.18 1 1
github.com/DJDNS/djdns/server/dpg.go:27.18,30.4 2 1
github.com/DJDNS/djdns/server/dpg.go:41.52,46.2 1 1
github.com/DJDNS/djdns/server/dpg.go:48.78,50.9 2 1
github.com/DJDNS/djdns/server/dpg.go:64.2,64.33 1 1
github.com/DJDNS/djdns/server/dpg.go:50.9,52.23 2 1
github.com/DJDNS/djdns/server/dpg.go:56.3,57.17 2 1
github.com/DJDNS/djdns/server/dpg.go:61.3,62.29 2 1
github.com/DJDNS/djdns/server/dpg.go:52.23,54.4 1 1
github.com/DJDNS/djdns/server/dpg.go:57.17,59.4 1 0
github.com/DJDNS/djdns/server/dpg.go:67.75,69.16 2 1
github.com/DJDNS/djdns/server/dpg.go:74.2,76.9 2 1
github.com/DJDNS/djdns/server/dpg.go:69.16,71.3 1 0
github.com/DJDNS/djdns/server/dpg.go:77.2,78.51 1 1
github.com/DJDNS/djdns/server/dpg.go:79.2,84.19 3 1
github.com/DJDNS/djdns/server/pagegetter.go:27.41,31.2 1 1
github.com/DJDNS/djdns/server/pagegetter.go:33.78,35.16 2 1
github.com/DJDNS/djdns/server/pagegetter.go:39.2,44.18 3 1
github.com/DJDNS/djdns/server/pagegetter.go:35.16,37.3 1 1
github.com/DJDNS/djdns/server/pagegetter.go:54.63,64.2 8 1
